<?xml version="1.0" encoding="UTF-8"?>
<!-- Generated by org.testng.reporters.JUnitReportReporter -->
<testsuite hostname="Bah_Tita" failures="0" tests="3" name="testCases.RegistrationTestWIthBrowserParameterization" time="27.317" errors="0" timestamp="2024-12-15T15:17:11 GMT" skipped="0">
  <testcase classname="testCases.RegistrationTestWIthBrowserParameterization" name="verify_account_registration" time="9.495"/>
  <system-out/>
  <testcase classname="testCases.RegistrationTestWIthBrowserParameterization" name="verify_account_registration" time="9.083"/>
  <system-out/>
  <testcase classname="testCases.RegistrationTestWIthBrowserParameterization" name="verify_account_registration" time="8.739"/>
  <system-out/>
</testsuite> <!-- testCases.RegistrationTestWIthBrowserParameterization -->
