<?xml version="1.0" encoding="UTF-8"?>
<!-- Generated by org.testng.reporters.JUnitReportReporter -->
<testsuite hostname="Bah_Tita" failures="0" tests="9" name="utilities.ExcelDatProvider" time="95.946" errors="0" timestamp="2024-12-18T23:46:01 GMT" skipped="0">
  <testcase classname="utilities.ExcelDatProvider" name="test1" time="10.559"/>
  <system-out/>
  <testcase classname="utilities.ExcelDatProvider" name="test1" time="10.581"/>
  <system-out/>
  <testcase classname="utilities.ExcelDatProvider" name="test1" time="10.521"/>
  <system-out/>
  <testcase classname="utilities.ExcelDatProvider" name="test1" time="10.523"/>
  <system-out/>
  <testcase classname="utilities.ExcelDatProvider" name="test1" time="11.578"/>
  <system-out/>
  <testcase classname="utilities.ExcelDatProvider" name="test1" time="10.542"/>
  <system-out/>
  <testcase classname="utilities.ExcelDatProvider" name="test1" time="10.524"/>
  <system-out/>
  <testcase classname="utilities.ExcelDatProvider" name="test1" time="10.575"/>
  <system-out/>
  <testcase classname="utilities.ExcelDatProvider" name="test1" time="10.543"/>
  <system-out/>
</testsuite> <!-- utilities.ExcelDatProvider -->
