<?xml version="1.0" encoding="UTF-8"?>
<!-- Generated by org.testng.reporters.JUnitReportReporter -->
<testsuite hostname="Bah_Tita" failures="0" tests="1" name="testCases.TC001_AccountRegistrationTest" time="16.022" errors="0" timestamp="2025-05-04T17:58:53 BST" skipped="0">
  <testcase classname="testCases.TC001_AccountRegistrationTest" name="verify_account_registration" time="16.022"/>
  <system-out/>
</testsuite> <!-- testCases.TC001_AccountRegistrationTest -->
