<?xml version="1.0" encoding="UTF-8"?>
<!-- Generated by org.testng.reporters.JUnitReportReporter -->
<testsuite hostname="Bah_Tita" failures="0" tests="1" name="testCases.TC001_AccountRegistrationWithGrid" time="16.194" errors="0" timestamp="2025-05-08T19:50:14 BST" skipped="0">
  <testcase classname="testCases.TC001_AccountRegistrationWithGrid" name="account_registration" time="16.194"/>
  <system-out/>
</testsuite> <!-- testCases.TC001_AccountRegistrationWithGrid -->
