<?xml version="1.0" encoding="UTF-8"?>
<!-- Generated by org.testng.reporters.JUnitReportReporter -->
<testsuite hostname="Bah_Tita" failures="0" tests="1" name="testCases.TC002_LoginTest" time="0.969" errors="0" timestamp="2024-12-15T17:22:07 GMT" skipped="0">
  <testcase classname="testCases.TC002_LoginTest" name="verify_login" time="0.969"/>
  <system-out/>
</testsuite> <!-- testCases.TC002_LoginTest -->
