<?xml version="1.0" encoding="UTF-8"?>
<!-- Generated by org.testng.reporters.JUnitReportReporter -->
<testsuite hostname="Bah_Tita" failures="0" tests="1" name="testCases.RegistrationTCWIthConfigProperties" time="8.537" errors="0" timestamp="2024-12-15T16:32:02 GMT" skipped="0">
  <testcase classname="testCases.RegistrationTCWIthConfigProperties" name="verify_account_registration" time="8.537"/>
  <system-out/>
</testsuite> <!-- testCases.RegistrationTCWIthConfigProperties -->
