<?xml version="1.0" encoding="UTF-8"?>
<!-- Generated by org.testng.reporters.JUnitReportReporter -->
<testsuite hostname="Bah_Tita" failures="0" tests="1" name="testCases.TC001_AccountRegistrationWithGrid" time="19.367" errors="0" timestamp="2025-05-08T00:45:58 BST" skipped="0">
  <testcase classname="testCases.TC001_AccountRegistrationWithGrid" name="account_registration" time="19.367"/>
  <system-out/>
</testsuite> <!-- testCases.TC001_AccountRegistrationWithGrid -->
